\BOOKMARK [1][-]{section.1}{\376\377\000B\000\340\000i\000\040\000T\000o\000\341\000n\000\040\000D\000a\000t\000a\000\040\000F\000i\000t\000t\000i\000n\000g\000\040\000v\000\340\000\040\000P\000h\001\260\001\241\000n\000g\000\040\000P\000h\000\341\000p\000\040\000O\000L\000S}{}% 1
\BOOKMARK [2][-]{subsection.1.1}{\376\377\000P\000h\000\341\000t\000\040\000B\000i\036\303\000u\000\040\000B\000\340\000i\000\040\000T\000o\000\341\000n\000\040\000D\000a\000t\000a\000\040\000F\000i\000t\000t\000i\000n\000g\000\040\000T\036\325\000n\000g\000\040\000Q\000u\000\341\000t}{section.1}% 2
\BOOKMARK [3][-]{subsubsection.1.1.1}{\376\377\001\020\036\267\000t\000\040\000v\036\245\000n\000\040\001\021\036\301}{subsection.1.1}% 3
\BOOKMARK [3][-]{subsubsection.1.1.2}{\376\377\000M\000\364\000\040\000h\000\354\000n\000h\000\040\000h\036\323\000i\000\040\000q\000u\000y\000\040\000t\000u\000y\036\277\000n\000\040\000t\000\355\000n\000h}{subsection.1.1}% 4
\BOOKMARK [2][-]{subsection.1.2}{\376\377\000C\000\341\000c\000\040\000G\000i\036\243\000\040\000T\000h\000i\036\277\000t\000\040\000G\000a\000u\000s\000s\040\023\000M\000a\000r\000k\000o\000v}{section.1}% 5
\BOOKMARK [2][-]{subsection.1.3}{\376\377\000H\000\340\000m\000\040\000M\036\245\000t\000\040\000M\000\341\000t\000\040\000R\000S\000S\000\040\000v\000\340\000\040\000C\000h\036\351\000n\000g\000\040\000M\000i\000n\000h\000\040\000N\000g\000h\000i\036\307\000m\000\040\000O\000L\000S}{section.1}% 6
\BOOKMARK [3][-]{subsubsection.1.3.1}{\376\377\000H\000\340\000m\000\040\000m\036\245\000t\000\040\000m\000\341\000t\000\040\000R\000S\000S}{subsection.1.3}% 7
\BOOKMARK [3][-]{subsubsection.1.3.2}{\376\377\000C\000h\036\351\000n\000g\000\040\000m\000i\000n\000h\000\040\000n\000g\000h\000i\036\307\000m\000\040\000O\000L\000S\000\040\000\050\000N\000o\000r\000m\000a\000l\000\040\000E\000q\000u\000a\000t\000i\000o\000n\000s\000\051}{subsection.1.3}% 8
\BOOKMARK [2][-]{subsection.1.4}{\376\377\000M\000a\000\040\000T\000r\036\255\000n\000\040\000C\000h\000i\036\277\000u\000\040\000\050\000H\000a\000t\000\040\000M\000a\000t\000r\000i\000x\000\051}{section.1}% 9
\BOOKMARK [3][-]{subsubsection.1.4.1}{\376\377\001\020\036\313\000n\000h\000\040\000n\000g\000h\001\051\000a\000\040\000v\000\340\000\040\000h\000\354\000n\000h\000\040\000h\036\315\000c}{subsection.1.4}% 10
\BOOKMARK [3][-]{subsubsection.1.4.2}{\376\377\000C\000\341\000c\000\040\000t\000\355\000n\000h\000\040\000c\000h\036\245\000t\000\040\000c\036\347\000a\000\040\000H\000a\000t\000\040\000M\000a\000t\000r\000i\000x}{subsection.1.4}% 11
\BOOKMARK [2][-]{subsection.1.5}{\376\377\001\257\036\333\000c\000\040\000L\001\260\036\343\000n\000g\000\040\000P\000h\001\260\001\241\000n\000g\000\040\000S\000a\000i\000\040\000N\000h\000i\036\305\000u\000\040\0002}{section.1}% 12
\BOOKMARK [2][-]{subsection.1.6}{\376\377\001\020\036\313\000n\000h\000\040\000L\000\375\000\040\000G\000a\000u\000s\000s\040\023\000M\000a\000r\000k\000o\000v\000\040\000\050\000B\000L\000U\000E\000\051}{section.1}% 13
\BOOKMARK [2][-]{subsection.1.7}{\376\377\001\020\000\341\000n\000h\000\040\000G\000i\000\341\000\040\000M\000\364\000\040\000H\000\354\000n\000h}{section.1}% 14
\BOOKMARK [3][-]{subsubsection.1.7.1}{\376\377\000P\000h\000\342\000n\000\040\000r\000\343\000\040\000p\000h\001\260\001\241\000n\000g\000\040\000s\000a\000i\000\040\000v\000\340\000\040\000h\036\307\000\040\000s\036\321\000\040\000x\000\341\000c\000\040\001\021\036\313\000n\000h}{subsection.1.7}% 15
\BOOKMARK [3][-]{subsubsection.1.7.2}{\376\377\000K\000i\036\303\000m\000\040\001\021\036\313\000n\000h\000\040\000g\000i\036\243\000\040\000t\000h\000u\000y\036\277\000t}{subsection.1.7}% 16
\BOOKMARK [1][-]{section.2}{\376\377\000C\000\340\000i\000\040\001\020\036\267\000t\000\040\000P\000y\000t\000h\000o\000n}{}% 17
\BOOKMARK [2][-]{subsection.2.1}{\376\377\000I\000m\000p\000o\000r\000t\000s\000,\000\040\000h\036\261\000n\000g\000\040\000s\036\321\000,\000\040\000d\000a\000t\000a\000c\000l\000a\000s\000s\000\040\000v\000\340\000\040\000c\000\341\000c\000\040\000h\000\340\000m\000\040\000p\000h\036\345\000\040\000t\000r\036\343}{section.2}% 18
\BOOKMARK [2][-]{subsection.2.2}{\376\377\000H\000\340\000m\000\040\000o\000l\000s\000\137\000f\000i\000t\000\050\000X\000,\000\040\000y\000\051}{section.2}% 19
\BOOKMARK [3][-]{subsubsection.2.2.1}{\376\377\000M\000\364\000\040\000t\036\243}{subsection.2.2}% 20
\BOOKMARK [3][-]{subsubsection.2.2.2}{\376\377\000C\000o\000d\000e}{subsection.2.2}% 21
\BOOKMARK [2][-]{subsection.2.3}{\376\377\000H\000\340\000m\000\040\000h\000a\000t\000\137\000m\000a\000t\000r\000i\000x\000\050\000X\000\051}{section.2}% 22
\BOOKMARK [3][-]{subsubsection.2.3.1}{\376\377\000M\000\364\000\040\000t\036\243}{subsection.2.3}% 23
\BOOKMARK [3][-]{subsubsection.2.3.2}{\376\377\000C\000o\000d\000e}{subsection.2.3}% 24
\BOOKMARK [2][-]{subsection.2.4}{\376\377\000K\000i\036\303\000m\000\040\000t\000h\036\355\000\040\000v\000\340\000\040\000k\000i\036\303\000m\000\040\000c\000h\036\351\000n\000g}{section.2}% 25
